<?xml version="1.0" encoding="utf-8"?><testsuites name="pytest tests"><testsuite name="pytest" errors="0" failures="0" skipped="1" tests="571" time="156.214" timestamp="2026-05-11T09:22:04.965356+08:00" hostname="DESKTOP-VT5JAVJ"><testcase classname="test_demo_select.TestDemoSelectBasic" name="test_default_run_prints_metrics" time="41.745" /><testcase classname="test_demo_select.TestDemoSelectBasic" name="test_total_200" time="0.129" /><testcase classname="test_demo_select.TestDemoSelectBasic" name="test_budget_custom" time="0.038" /><testcase classname="test_demo_select.TestDemoSelectBasic" name="test_total_too_small_exits_2" time="0.004" /><testcase classname="test_demo_select.TestDemoSelectJson" name="test_json_output_is_valid" time="0.071" /><testcase classname="test_demo_select.TestDemoSelectJson" name="test_json_reduction_rate_above_threshold" time="0.135" /><testcase classname="test_demo_select.TestDemoSelectJson" name="test_json_numbers_add_up" time="0.069" /><testcase classname="test_demo_select.TestDemoSelectReproducibility" name="test_same_seed_same_result" time="0.141" /><testcase classname="test_demo_select.TestDemoSelectReproducibility" name="test_different_seed_may_vary" time="0.137" /><testcase classname="test_demo_select.TestDemoSelectKeep" name="test_default_rollback_no_records_persisted" time="0.022" /><testcase classname="test_demo_select.TestDemoSelectKeep" name="test_keep_persists_project_and_testcases" time="0.021" /><testcase classname="test_demo_select.TestDemoSelectReductionRate" name="test_reduction_rate_meets_target[50]" time="0.039" /><testcase classname="test_demo_select.TestDemoSelectReductionRate" name="test_reduction_rate_meets_target[100]" time="0.071" /><testcase classname="test_demo_select.TestDemoSelectReductionRate" name="test_reduction_rate_meets_target[200]" time="0.131" /><testcase classname="test_demo_select.TestDemoSelectReductionRate" name="test_reduction_rate_meets_target[500]" time="0.344" /><testcase classname="test_demo_select.TestDemoSelectReductionRate" name="test_force_full_zero_reduction" time="0.010" /><testcase classname="test_e2e.TestPredictRiskTask" name="test_writes_one_record_per_case" time="0.024" /><testcase classname="test_e2e.TestPredictRiskTask" name="test_critical_higher_score_than_low" time="0.021" /><testcase classname="test_e2e.TestPredictRiskTask" name="test_no_impacted_cases_returns_zero" time="0.005" /><testcase classname="test_e2e.TestPredictRiskTask" name="test_repredict_clears_old_records" time="0.030" /><testcase classname="test_e2e.TestPredictAndSelectFlow" name="test_full_flow_writes_selection" time="0.029" /><testcase classname="test_e2e.TestPredictAndSelectFlow" name="test_selection_persisted_on_impact" time="0.027" /><testcase classname="test_e2e.TestTriggerPipelineView" name="test_missing_required_fields_returns_400" time="17.487" /><testcase classname="test_e2e.TestTriggerPipelineView" name="test_force_full_without_reason_returns_400" time="2.054" /><testcase classname="test_e2e.TestTriggerPipelineView" name="test_valid_request_dispatches_task" time="1.925" /><testcase classname="test_e2e.TestMappingBulkAndCsv" name="test_bulk_create_inserts_records" time="2.022" /><testcase classname="test_e2e.TestMappingBulkAndCsv" name="test_csv_import_with_rows" time="2.303" /><testcase classname="test_e2e.TestMappingBulkAndCsv" name="test_csv_import_with_invalid_row_returns_207" time="2.087" /><testcase classname="test_models.TestRepoBinding" name="test_str_representation" time="0.005" /><testcase classname="test_models.TestRepoBinding" name="test_default_branch" time="0.005" /><testcase classname="test_models.TestRepoBinding" name="test_is_active_default" time="0.005" /><testcase classname="test_models.TestRepoBinding" name="test_ordering_by_created_at_desc" time="0.002" /><testcase classname="test_models.TestRepoBinding" name="test_db_table" time="0.002" /><testcase classname="test_models.TestRepoBinding" name="test_cascade_delete_with_project" time="0.015" /><testcase classname="test_models.TestCodeChangeAnalysis" name="test_str_representation" time="0.004" /><testcase classname="test_models.TestCodeChangeAnalysis" name="test_status_default_pending" time="0.007" /><testcase classname="test_models.TestCodeChangeAnalysis" name="test_status_choices" time="0.003" /><testcase classname="test_models.TestCodeChangeAnalysis" name="test_progress_default_zero" time="0.005" /><testcase classname="test_models.TestCodeChangeAnalysis" name="test_changed_files_default_empty_list" time="0.004" /><testcase classname="test_models.TestCodeChangeAnalysis" name="test_db_table" time="0.002" /><testcase classname="test_models.TestTestCaseCodeMapping" name="test_str_representation" time="0.005" /><testcase classname="test_models.TestTestCaseCodeMapping" name="test_unique_together" time="0.003" /><testcase classname="test_models.TestTestCaseCodeMapping" name="test_mapping_type_choices" time="0.002" /><testcase classname="test_models.TestTestCaseCodeMapping" name="test_confidence_default" time="0.003" /><testcase classname="test_models.TestTestCaseCodeMapping" name="test_cascade_delete_with_testcase" time="0.012" /><testcase classname="test_models.TestImpactAnalysis" name="test_str_representation" time="0.007" /><testcase classname="test_models.TestImpactAnalysis" name="test_status_default_pending" time="0.004" /><testcase classname="test_models.TestImpactAnalysis" name="test_impacted_functions_default_empty" time="0.004" /><testcase classname="test_models.TestImpactAnalysis" name="test_cascade_delete_with_analysis" time="0.007" /><testcase classname="test_models.TestRiskPredictionRecord" name="test_str_representation" time="0.008" /><testcase classname="test_models.TestRiskPredictionRecord" name="test_risk_level_default_low" time="0.005" /><testcase classname="test_models.TestRiskPredictionRecord" name="test_risk_level_choices" time="0.002" /><testcase classname="test_models.TestRiskPredictionRecord" name="test_features_default_empty_dict" time="0.004" /><testcase classname="test_models.TestPrecisionRunRecord" name="test_str_representation" time="0.005" /><testcase classname="test_models.TestPrecisionRunRecord" name="test_status_default_pending" time="0.004" /><testcase classname="test_models.TestPrecisionRunRecord" name="test_reduction_rate_default_zero" time="0.004" /><testcase classname="test_models.TestPrecisionRunRecord" name="test_progress_default_zero" time="0.006" /><testcase classname="test_models.TestPrecisionRunRecord" name="test_db_table" time="0.002" /><testcase classname="test_models.TestPrecisionRunRecord" name="test_cascade_delete_with_impact_analysis" time="0.005" /><testcase classname="test_regression_selector.TestRuntimeEstimator" name="test_fallback_when_no_history" time="0.005" /><testcase classname="test_regression_selector.TestRuntimeEstimator" name="test_estimate_total_sums" time="0.005" /><testcase classname="test_regression_selector.TestRuntimeEstimator" name="test_estimate_caches_result" time="0.003" /><testcase classname="test_regression_selector.TestRuntimeEstimator" name="test_warm_up_empty_ids" time="0.003" /><testcase classname="test_regression_selector.TestRuntimeEstimator" name="test_warm_up_populates_cache" time="0.004" /><testcase classname="test_regression_selector.TestRegressionSelectorPartition" name="test_critical_priority_always_must_run" time="0.004" /><testcase classname="test_regression_selector.TestRegressionSelectorPartition" name="test_high_risk_score_forces_must_run" time="0.003" /><testcase classname="test_regression_selector.TestRegressionSelectorPartition" name="test_medium_score_high_priority_is_candidate" time="0.006" /><testcase classname="test_regression_selector.TestRegressionSelectorPartition" name="test_low_score_low_priority_excluded" time="0.004" /><testcase classname="test_regression_selector.TestRegressionSelectorPartition" name="test_candidates_sorted_by_risk_desc" time="0.003" /><testcase classname="test_regression_selector.TestRegressionSelectorSelect" name="test_select_returns_must_run" time="0.007" /><testcase classname="test_regression_selector.TestRegressionSelectorSelect" name="test_select_no_predictions_empty_result" time="0.004" /><testcase classname="test_regression_selector.TestRegressionSelectorSelect" name="test_force_full_selects_everything" time="0.009" /><testcase classname="test_regression_selector.TestRegressionSelectorSelect" name="test_time_budget_drops_low_priority_candidates" time="0.008" /><testcase classname="test_regression_selector.TestRegressionSelectorSelect" name="test_estimated_seconds_within_budget" time="0.011" /><testcase classname="test_regression_selector.TestPersistHelpers" name="test_persist_selection_writes_fields" time="0.004" /><testcase classname="test_regression_selector.TestPersistHelpers" name="test_create_run_record_returns_instance" time="0.005" /><testcase classname="test_regression_selector.TestRegressionSelectorPerformance" name="test_select_1000_under_3s" time="0.644" /><testcase classname="test_regression_selector.TestRegressionSelectorPerformance" name="test_select_1000_budget_too_small_only_must_run" time="0.798" /><testcase classname="test_regression_selector.TestRegressionSelectorPerformance" name="test_select_1000_must_run_includes_all_critical" time="0.732" /><testcase classname="test_risk_predictor.TestFeatureExtractor" name="test_priority_score_mapped" time="0.007" /><testcase classname="test_risk_predictor.TestFeatureExtractor" name="test_no_history_zero_failure_rate" time="0.011" /><testcase classname="test_risk_predictor.TestFeatureExtractor" name="test_no_mappings_marker" time="0.007" /><testcase classname="test_risk_predictor.TestFeatureExtractor" name="test_with_mapping_lowers_no_mapping_marker" time="0.007" /><testcase classname="test_risk_predictor.TestFeatureExtractor" name="test_new_testcase_age_marker" time="0.007" /><testcase classname="test_risk_predictor.TestFeatureExtractor" name="test_change_intensity_from_change_analysis" time="0.007" /><testcase classname="test_risk_predictor.TestFeatureExtractor" name="test_change_intensity_clipped_to_one" time="0.009" /><testcase classname="test_risk_predictor.TestFeatureExtractor" name="test_impact_path_depth_normalized" time="0.005" /><testcase classname="test_risk_predictor.TestFeatureExtractor" name="test_impact_path_depth_deeper_lower" time="0.006" /><testcase classname="test_risk_predictor.TestFeatureExtractor" name="test_impact_path_depth_default_zero" time="0.006" /><testcase classname="test_risk_predictor.TestFeatureExtractor" name="test_extract_batch" time="0.012" /><testcase classname="test_risk_predictor.TestFeatureExtractor" name="test_failure_rate_with_history" time="0.015" /><testcase classname="test_risk_predictor.TestFeatureExtractor" name="test_recent_failure_streak_with_runs" time="0.012" /><testcase classname="test_risk_predictor.TestFeatureExtractor" name="test_coverage_confidence_with_mappings" time="0.006" /><testcase classname="test_risk_predictor.TestRiskPredictor" name="test_predict_one_returns_result" time="0.008" /><testcase classname="test_risk_predictor.TestRiskPredictor" name="test_predict_batch_consistency" time="0.011" /><testcase classname="test_risk_predictor.TestRiskPredictor" name="test_predict_batch_empty" time="0.002" /><testcase classname="test_risk_predictor.TestRiskPredictor" name="test_persist_writes_records" time="0.008" /><testcase classname="test_risk_predictor.TestRiskPredictor" name="test_default_scorer_is_heuristic_when_config_missing" time="0.002" /><testcase classname="test_risk_predictor.TestRiskPredictor" name="test_explicit_scorer_override" time="0.002" /><testcase classname="test_risk_predictor.TestRiskPredictor" name="test_default_scorer_xgboost_when_configured" time="0.002" /><testcase classname="test_risk_predictor.TestRiskPredictorIntegration" name="test_critical_priority_higher_than_low" time="0.010" /><testcase classname="test_serializers.TestRepoBindingSerializer" name="test_create_requires_project" time="0.003" /><testcase classname="test_serializers.TestRepoBindingSerializer" name="test_valid_create" time="0.005" /><testcase classname="test_serializers.TestRepoBindingSerializer" name="test_project_name_read_only" time="0.002" /><testcase classname="test_serializers.TestRepoBindingSerializer" name="test_extra_kwargs_optional" time="0.002" /><testcase classname="test_serializers.TestRepoBindingSerializer" name="test_validate_raises_when_project_missing_on_create" time="0.002" /><testcase classname="test_serializers.TestRepoBindingSerializer" name="test_validate_passes_on_update" time="0.004" /><testcase classname="test_serializers.TestCodeChangeAnalysisSerializer" name="test_read_only_fields_cannot_be_set" time="0.012" /><testcase classname="test_serializers.TestCodeChangeAnalysisSerializer" name="test_status_is_read_only_on_create" time="0.002" /><testcase classname="test_serializers.TestTestCaseCodeMappingSerializer" name="test_confidence_default_1_0" time="0.003" /><testcase classname="test_serializers.TestTestCaseCodeMappingSerializer" name="test_confidence_out_of_range_rejected" time="0.005" /><testcase classname="test_serializers.TestTestCaseCodeMappingSerializer" name="test_confidence_negative_rejected" time="0.005" /><testcase classname="test_serializers.TestTestCaseCodeMappingSerializer" name="test_valid_mapping" time="0.007" /><testcase classname="test_serializers.TestTestCaseCodeMappingSerializer" name="test_testcase_title_read_only" time="0.003" /><testcase classname="test_serializers.TestImpactAnalysisSerializer" name="test_commit_range_method_field" time="0.005" /><testcase classname="test_serializers.TestImpactAnalysisSerializer" name="test_project_name_read_only" time="0.002" /><testcase classname="test_serializers.TestRiskPredictionRecordSerializer" name="test_testcase_title_read_only" time="0.002" /><testcase classname="test_serializers.TestRiskPredictionRecordSerializer" name="test_predicted_at_read_only" time="0.002" /><testcase classname="test_serializers.TestPrecisionRunRecordSerializer" name="test_impact_commit_range_method_field" time="0.008" /><testcase classname="test_serializers.TestPrecisionRunRecordSerializer" name="test_status_read_only" time="0.002" /><testcase classname="test_views.TestGraphDataView" name="test_get_overview_returns_200" time="1.069" /><testcase classname="test_views.TestGraphDataView" name="test_get_subgraph_with_center" time="1.115" /><testcase classname="test_views.TestGraphDataView" name="test_invalid_limit_depth_returns_400[params0-limit/depth must be integers]" time="1.244" /><testcase classname="test_views.TestGraphDataView" name="test_invalid_limit_depth_returns_400[params1-limit/depth must be integers]" time="1.174" /><testcase classname="test_views.TestGraphDataView" name="test_node_type_passed_to_overview" time="1.123" /><testcase classname="test_views.TestGraphDataView" name="test_invalid_node_type_returns_400" time="1.075" /><testcase classname="test_views.TestGraphDataView" name="test_neo4j_unavailable_returns_empty" time="1.146" /><testcase classname="test_views.TestGraphDataView" name="test_anonymous_rejected" time="0.002" /><testcase classname="test_views.TestImpactQueryView" name="test_post_valid_returns_200" time="1.228" /><testcase classname="test_views.TestImpactQueryView" name="test_empty_changed_functions_returns_400" time="1.162" /><testcase classname="test_views.TestImpactQueryView" name="test_missing_changed_functions_returns_400" time="1.068" /><testcase classname="test_views.TestImpactQueryView" name="test_invalid_changed_functions_type_returns_400" time="1.062" /><testcase classname="test_views.TestImpactQueryView" name="test_depth_clamped_and_passed" time="1.198" /><testcase classname="test_views.TestImpactQueryView" name="test_invalid_depth_returns_400" time="1.124" /><testcase classname="test_views.TestImpactQueryView" name="test_include_paths_passed" time="1.112" /><testcase classname="test_views.TestImpactQueryView" name="test_neo4j_unavailable_returns_fallback" time="1.085" /><testcase classname="test_views.TestImpactQueryView" name="test_anonymous_rejected" time="0.002" /><testcase classname="test_views.TestDashboardView" name="test_get_returns_aggregations" time="1.120" /><testcase classname="test_views.TestDashboardView" name="test_anonymous_rejected" time="0.004" /><testcase classname="test_views.TestGitWebhookView" name="test_post_valid_triggers_analysis" time="1.182" /><testcase classname="test_views.TestGitWebhookView" name="test_post_missing_params_returns_400" time="0.005" /><testcase classname="test_views.TestGitWebhookView" name="test_post_nonexistent_repo_returns_404" time="0.006" /><testcase classname="test_views.TestGitWebhookView" name="test_no_authentication_required" time="0.006" /><testcase classname="test_views.TestCoverageGateView" name="test_post_valid_returns_gate_result" time="1.153" /><testcase classname="test_views.TestCoverageGateView" name="test_post_missing_analysis_id_returns_400" time="1.168" /><testcase classname="test_views.TestCoverageGateView" name="test_post_nonexistent_analysis_returns_404" time="1.096" /><testcase classname="test_views.TestCoverageGateView" name="test_anonymous_rejected" time="0.002" /><testcase classname="test_views.TestRepoBindingViewSet" name="test_list_returns_200" time="1.085" /><testcase classname="test_views.TestRepoBindingViewSet" name="test_anonymous_rejected" time="0.002" /><testcase classname="test_views.TestCodeChangeAnalysisViewSet" name="test_progress_action" time="1.072" /><testcase classname="test_views.TestTestCaseCodeMappingViewSet" name="test_auto_build_action_requires_repo_binding_id" time="1.057" /><testcase classname="test_views.TestTestCaseCodeMappingViewSet" name="test_auto_build_triggers_task" time="1.056" /><testcase classname="test_views.TestRiskPredictionRecordViewSet" name="test_trigger_action_requires_impact_analysis_id" time="1.068" /><testcase classname="test_views.TestRiskPredictionRecordViewSet" name="test_trigger_triggers_task" time="1.079" /><testcase classname="test_views.TestPrecisionRunRecordViewSet" name="test_create_triggers_async_task" time="1.123" /><testcase classname="test_week4_layer1_scoring.TestFeatureExtractorConsistency" name="test_new_testcase_age_marker_7_days" time="0.005" /><testcase classname="test_week4_layer1_scoring.TestFeatureExtractorConsistency" name="test_old_testcase_age_marker" time="0.008" /><testcase classname="test_week4_layer1_scoring.TestFeatureExtractorConsistency" name="test_impact_path_depth_boundary_depth_zero" time="0.005" /><testcase classname="test_week4_layer1_scoring.TestFeatureExtractorConsistency" name="test_impact_path_depth_depth_one" time="0.008" /><testcase classname="test_week4_layer1_scoring.TestFeatureExtractorConsistency" name="test_impact_path_depth_depth_three" time="0.005" /><testcase classname="test_week4_layer1_scoring.TestFeatureExtractorConsistency" name="test_impact_path_depth_exceeds_max" time="0.007" /><testcase classname="test_week4_layer1_scoring.TestFeatureExtractorConsistency" name="test_no_history_failure_rate_zero" time="0.006" /><testcase classname="test_week4_layer1_scoring.TestFeatureExtractorConsistency" name="test_no_history_recent_failure_streak_zero" time="0.007" /><testcase classname="test_week4_layer1_scoring.TestFeatureExtractorConsistency" name="test_no_code_mapping_has_mapping_flag" time="0.005" /><testcase classname="test_week4_layer1_scoring.TestFeatureExtractorConsistency" name="test_priority_score_mapping" time="0.017" /><testcase classname="test_week4_layer1_scoring.TestFeatureExtractorConsistency" name="test_extract_batch_order_preserved" time="0.016" /><testcase classname="test_week4_layer1_scoring.TestRiskPredictorScarerHotSwap" name="test_default_scorer_is_heuristic" time="0.004" /><testcase classname="test_week4_layer1_scoring.TestRiskPredictorScarerHotSwap" name="test_explicit_heuristic_scorer_injected" time="0.003" /><testcase classname="test_week4_layer1_scoring.TestRiskPredictorScarerHotSwap" name="test_xgboost_scorer_when_configured" time="0.002" /><testcase classname="test_week4_layer1_scoring.TestRiskPredictorScarerHotSwap" name="test_predict_batch_empty_input" time="0.008" /><testcase classname="test_week4_layer1_scoring.TestRiskPredictorScarerHotSwap" name="test_predict_one_matches_batch_single" time="0.009" /><testcase classname="test_week4_layer1_scoring.TestRiskPredictorScarerHotSwap" name="test_persist_returns_count" time="0.010" /><testcase classname="test_week4_layer2_selector.TestRuntimeEstimatorCaching" name="test_no_history_uses_fallback" time="0.003" /><testcase classname="test_week4_layer2_selector.TestRuntimeEstimatorCaching" name="test_estimate_total_sums_correctly" time="0.004" /><testcase classname="test_week4_layer2_selector.TestRuntimeEstimatorCaching" name="test_cache_hit_avoids_recalculation" time="0.004" /><testcase classname="test_week4_layer2_selector.TestRuntimeEstimatorCaching" name="test_warm_up_with_no_history" time="0.003" /><testcase classname="test_week4_layer2_selector.TestRuntimeEstimatorCaching" name="test_warm_up_with_history" time="0.014" /><testcase classname="test_week4_layer2_selector.TestRuntimeEstimatorCaching" name="test_empty_warm_up_no_error" time="0.003" /><testcase classname="test_week4_layer2_selector.TestRuntimeEstimatorCaching" name="test_estimate_total_empty_list" time="0.002" /><testcase classname="test_week4_layer2_selector.TestThreeTierPartitionBoundaries" name="test_exactly_high_risk_threshold_must_run" time="0.006" /><testcase classname="test_week4_layer2_selector.TestThreeTierPartitionBoundaries" name="test_just_below_high_risk_threshold_candidate" time="0.003" /><testcase classname="test_week4_layer2_selector.TestThreeTierPartitionBoundaries" name="test_exactly_medium_risk_threshold_boundary" time="0.004" /><testcase classname="test_week4_layer2_selector.TestThreeTierPartitionBoundaries" name="test_below_medium_risk_threshold_excluded" time="0.006" /><testcase classname="test_week4_layer2_selector.TestThreeTierPartitionBoundaries" name="test_duplicate_testcase_ids_de_duplicated" time="0.004" /><testcase classname="test_week4_layer2_selector.TestThreeTierPartitionBoundaries" name="test_critical_priority_must_run_regardless_of_score" time="0.004" /><testcase classname="test_week4_layer2_selector.TestThreeTierPartitionBoundaries" name="test_candidates_sorted_by_risk_descending" time="0.006" /><testcase classname="test_week4_layer2_selector.TestThreeTierPartitionBoundaries" name="test_low_priority_high_score_must_run" time="0.003" /><testcase classname="test_week4_layer2_selector.TestThreeTierPartitionBoundaries" name="test_medium_priority_below_medium_threshold_excluded" time="0.005" /><testcase classname="test_week4_layer2_selector.TestTimeBudgetGreedy" name="test_infinite_budget_selects_all" time="0.009" /><testcase classname="test_week4_layer2_selector.TestTimeBudgetGreedy" name="test_zero_budget_selects_only_must_run" time="0.010" /><testcase classname="test_week4_layer2_selector.TestTimeBudgetGreedy" name="test_greedy_respects_budget" time="0.009" /><testcase classname="test_week4_layer2_selector.TestTimeBudgetGreedy" name="test_must_run_always_included" time="0.011" /><testcase classname="test_week4_layer2_selector.TestForceFullFallback" name="test_force_full_selects_all" time="0.011" /><testcase classname="test_week4_layer2_selector.TestForceFullFallback" name="test_force_full_reason_recorded" time="0.010" /><testcase classname="test_week4_layer2_selector.TestForceFullFallback" name="test_force_full_zero_reduction_rate" time="0.009" /><testcase classname="test_week4_layer2_selector.TestPersistHelpers" name="test_persist_selection_writes_min_regression_set" time="0.007" /><testcase classname="test_week4_layer2_selector.TestPersistHelpers" name="test_create_run_record_returns_model_instance" time="0.004" /><testcase classname="test_week4_layer2_selector.TestRegressionSelectorIntegration" name="test_select_returns_must_run_count" time="0.008" /><testcase classname="test_week4_layer2_selector.TestRegressionSelectorIntegration" name="test_select_no_predictions_empty_result" time="0.004" /><testcase classname="test_week4_layer2_selector.TestRegressionSelectorIntegration" name="test_reduction_rate_non_negative" time="0.009" /><testcase classname="test_week4_layer2_selector.TestRegressionSelectorIntegration" name="test_selected_ids_unique" time="0.008" /><testcase classname="test_week4_layer3_pipeline.TestBulkCreateSerializer" name="test_bulk_create_mappings" time="0.009" /><testcase classname="test_week4_layer3_pipeline.TestBulkCreateSerializer" name="test_bulk_create_empty_list_rejected" time="0.002" /><testcase classname="test_week4_layer3_pipeline.TestBulkCreateSerializer" name="test_bulk_create_update_existing" time="0.007" /><testcase classname="test_week4_layer3_pipeline.TestTaskProgressStateMachine" name="test_initial_state_pending" time="0.003" /><testcase classname="test_week4_layer3_pipeline.TestTaskProgressStateMachine" name="test_analysis_state_transitions" time="0.003" /><testcase classname="test_week4_layer3_pipeline.TestRestApiBoundaries" name="test_trigger_pipeline_requires_params" time="0.955" /><testcase classname="test_week4_layer3_pipeline.TestRestApiBoundaries" name="test_trigger_pipeline_requires_force_full_reason" time="0.880" /><testcase classname="test_week4_layer3_pipeline.TestRestApiBoundaries" name="test_bulk_create_empty_payload" time="1.147" /><testcase classname="test_week4_layer3_pipeline.TestRestApiBoundaries" name="test_import_csv_missing_headers" time="0.866" /><testcase classname="test_week4_layer3_pipeline.TestErrorHandlingAndRollback" name="test_code_change_analysis_failure_updates_status" time="0.007" /><testcase classname="test_week4_layer3_pipeline.TestErrorHandlingAndRollback" name="test_impact_analysis_idempotent_on_retry" time="0.005" /><testcase classname="test_week4_layer3_pipeline.TestPrecisionPipelineTask" name="test_pipeline_creates_all_stages" time="0.020" /><testcase classname="test_week4_layer3_pipeline.TestPrecisionPipelineTask" name="test_pipeline_requires_valid_binding" time="0.002" /><testcase classname="test_week4_layer3_pipeline.TestProgressPolling" name="test_analysis_progress_field_exists" time="0.004" /><testcase classname="test_week4_layer3_pipeline.TestProgressPolling" name="test_analysis_progress_increments" time="0.003" /><testcase classname="test_week4_layer3_pipeline.TestProgressPolling" name="test_progress_endpoint_returns_status" time="0.005" /><testcase classname="test_week4_layer3_pipeline.TestPhase1ManualMappingApi" name="test_mapping_serializer_contains_all_fields" time="0.002" /><testcase classname="test_week4_layer3_pipeline.TestPhase1ManualMappingApi" name="test_confidence_validators_range" time="0.003" /><testcase classname="test_week4_layer3_pipeline.TestDashboardAggregation" name="test_dashboard_returns_counts" time="0.004" /><testcase classname="test_week4_layer3_pipeline.TestDashboardAggregation" name="test_dashboard_recent_runs_structure" time="0.006" /><testcase classname="integration.test_graph_builder_real.TestGraphBuilderReal" name="test_build_full_graph_creates_nodes" time="1.120" /><testcase classname="integration.test_graph_builder_real.TestGraphBuilderReal" name="test_build_full_graph_no_duplicate_nodes" time="1.111" /><testcase classname="integration.test_graph_builder_real.TestGraphBuilderReal" name="test_apply_schema_does_not_crash" time="0.402" /><testcase classname="integration.test_graph_builder_real.TestGraphBuilderReal" name="test_incremental_sync_removes_old_functions" time="1.064" /><testcase classname="integration.test_graph_builder_real.TestGraphBuilderReal" name="test_incremental_sync_skips_empty_file_list" time="0.311" /><testcase classname="integration.test_graph_builder_real.TestGraphBuilderReal" name="test_module_dotted_from_path_windows_and_unix" time="0.001" /><testcase classname="integration.test_impact_query_real.TestQueryImpactReal" name="test_empty_input_returns_empty_result" time="0.001" /><testcase classname="integration.test_impact_query_real.TestQueryImpactReal" name="test_single_hop_impact" time="0.858" /><testcase classname="integration.test_impact_query_real.TestQueryImpactReal" name="test_multi_hop_impact_propagates_upstream" time="0.572" /><testcase classname="integration.test_impact_query_real.TestQueryImpactReal" name="test_changed_functions_merged_in_result" time="0.555" /><testcase classname="integration.test_impact_query_real.TestQueryImpactReal" name="test_depth_clamped_to_max" time="0.416" /><testcase classname="integration.test_impact_query_real.TestQueryImpactReal" name="test_testcases_found_via_tested_by" time="0.483" /><testcase classname="integration.test_impact_query_real.TestQueryImpactReal" name="test_endpoints_found_via_handles" time="0.750" /><testcase classname="integration.test_impact_query_real.TestQueryImpactReal" name="test_elapsed_ms_recorded" time="0.439" /><testcase classname="integration.test_impact_query_real.TestQueryImpactReal" name="test_unknown_function_returns_empty" time="0.476" /><testcase classname="integration.test_impact_query_real.TestQuerySubgraphReal" name="test_invalid_label_rejected" time="0.002" /><testcase classname="integration.test_impact_query_real.TestQuerySubgraphReal" name="test_empty_subgraph_for_unknown_node" time="0.005" /><testcase classname="integration.test_impact_query_real.TestQuerySubgraphReal" name="test_subgraph_returns_nodes_and_edges" time="0.472" /><testcase classname="integration.test_impact_query_real.TestQuerySubgraphReal" name="test_subgraph_depth_limits_hops" time="0.424" /><testcase classname="integration.test_impact_query_real.TestQueryOverviewReal" name="test_overview_without_filter" time="0.364" /><testcase classname="integration.test_impact_query_real.TestQueryOverviewReal" name="test_overview_with_label_filter" time="0.425" /><testcase classname="integration.test_impact_query_real.TestQueryOverviewReal" name="test_overview_invalid_label" time="0.001" /><testcase classname="integration.test_impact_query_real.TestQueryOverviewReal" name="test_overview_limit_respected" time="0.549" /><testcase classname="integration.test_impact_query_real.TestSafeLabelReal" name="test_valid_labels_accepted[Function]" time="0.006" /><testcase classname="integration.test_impact_query_real.TestSafeLabelReal" name="test_valid_labels_accepted[Class]" time="0.006" /><testcase classname="integration.test_impact_query_real.TestSafeLabelReal" name="test_valid_labels_accepted[Module]" time="0.004" /><testcase classname="integration.test_impact_query_real.TestSafeLabelReal" name="test_valid_labels_accepted[TestCase]" time="0.006" /><testcase classname="integration.test_impact_query_real.TestSafeLabelReal" name="test_valid_labels_accepted[APIEndpoint]" time="0.007" /><testcase classname="integration.test_impact_query_real.TestSafeLabelReal" name="test_invalid_labels_rejected[function]" time="0.001" /><testcase classname="integration.test_impact_query_real.TestSafeLabelReal" name="test_invalid_labels_rejected[Foo]" time="0.001" /><testcase classname="integration.test_impact_query_real.TestSafeLabelReal" name="test_invalid_labels_rejected[Function; DROP DATABASE]" time="0.001" /><testcase classname="integration.test_impact_query_real.TestSafeLabelReal" name="test_invalid_labels_rejected[]" time="0.001" /><testcase classname="test_ast_analyzer.TestNormalizeModulePath" name="test_normalize[apps/projects/views.py-apps.projects.views]" time="0.001" /><testcase classname="test_ast_analyzer.TestNormalizeModulePath" name="test_normalize[apps\\projects\\views.py-apps.projects.views]" time="0.001" /><testcase classname="test_ast_analyzer.TestNormalizeModulePath" name="test_normalize[apps/projects/__init__.py-apps.projects]" time="0.001" /><testcase classname="test_ast_analyzer.TestNormalizeModulePath" name="test_normalize[./apps/foo.py-apps.foo]" time="0.001" /><testcase classname="test_ast_analyzer.TestNormalizeModulePath" name="test_normalize[foo.py-foo]" time="0.002" /><testcase classname="test_ast_analyzer.TestParseSourceBasic" name="test_extract_simple_function" time="0.320" /><testcase classname="test_ast_analyzer.TestParseSourceBasic" name="test_async_function" time="0.365" /><testcase classname="test_ast_analyzer.TestParseSourceBasic" name="test_decorator_shifts_start_line" time="0.319" /><testcase classname="test_ast_analyzer.TestParseSourceBasic" name="test_action_decorator_recognized" time="0.286" /><testcase classname="test_ast_analyzer.TestParseSourceBasic" name="test_class_methods_have_qualified_name" time="0.359" /><testcase classname="test_ast_analyzer.TestParseSourceBasic" name="test_nested_class" time="0.325" /><testcase classname="test_ast_analyzer.TestParseSourceBasic" name="test_nested_function" time="0.316" /><testcase classname="test_ast_analyzer.TestParseSourceBasic" name="test_invalid_syntax_returns_empty" time="0.379" /><testcase classname="test_ast_analyzer.TestMapLinesToFunctions" name="test_map_lines_basic" time="0.305" /><testcase classname="test_ast_analyzer.TestMapLinesToFunctions" name="test_function_for_line_returns_record" time="0.339" /><testcase classname="test_ast_analyzer.TestMapLinesToFunctions" name="test_function_for_line_outside_returns_none" time="0.305" /><testcase classname="test_ast_analyzer.TestGetChangedFunctions" name="test_changed_lines_resolve_to_functions" time="0.301" /><testcase classname="test_ast_analyzer.TestGetChangedFunctions" name="test_skips_missing_files" time="0.449" /><testcase classname="test_ast_analyzer.TestGetChangedFunctions" name="test_skips_non_python_files" time="0.307" /><testcase classname="test_ast_analyzer.TestGetChangedFunctions" name="test_dedup_signature" time="0.285" /><testcase classname="test_ast_analyzer.TestLegacyExtractFunctions" name="test_returns_dict_list" time="0.002" /><testcase classname="test_ast_analyzer.TestExtractCallEdges" name="test_extract_calls_within_function" time="0.259" /><testcase classname="test_ast_analyzer.TestExtractCallEdges" name="test_no_records_returns_empty" time="0.437" /><testcase classname="test_ast_analyzer.TestExtractCallEdges" name="test_missing_file_returns_empty" time="0.288" /><testcase classname="test_ast_analyzer.TestFunctionRecordSerialization" name="test_to_dict_round_trip" time="0.361" /><testcase classname="test_coverage_service.TestSimpleHelpers" name="test_strip_context_phase[tests/x.py::test_a|setup-tests/x.py::test_a]" time="0.001" /><testcase classname="test_coverage_service.TestSimpleHelpers" name="test_strip_context_phase[tests/x.py::test_a|run-tests/x.py::test_a]" time="0.001" /><testcase classname="test_coverage_service.TestSimpleHelpers" name="test_strip_context_phase[tests/x.py::test_a-tests/x.py::test_a]" time="0.002" /><testcase classname="test_coverage_service.TestSimpleHelpers" name="test_strip_context_phase[-]" time="0.001" /><testcase classname="test_coverage_service.TestSimpleHelpers" name="test_signature_to_file" time="0.001" /><testcase classname="test_coverage_service.TestFileCoverageDataclass" name="test_to_dict" time="0.001" /><testcase classname="test_coverage_service.TestFileCoverageDataclass" name="test_coverage_report_to_dict" time="0.001" /><testcase classname="test_coverage_service.TestParseCoverageDb" name="test_no_db_returns_empty_report" time="0.303" /><testcase classname="test_coverage_service.TestParseCoverageDb" name="test_parse_plain_lines" time="0.347" /><testcase classname="test_coverage_service.TestParseCoverageDb" name="test_parse_with_contexts" time="0.343" /><testcase classname="test_coverage_service.TestMapLinesToFunctions" name="test_lines_resolve_to_signatures" time="0.329" /><testcase classname="test_coverage_service.TestPerTestCoverage" name="test_dynamic_context_to_test_id" time="0.323" /><testcase classname="test_coverage_service.TestPerTestCoverage" name="test_build_static_mappings" time="0.297" /><testcase classname="test_coverage_service.TestNormalizePath" name="test_outside_repo_returns_none" time="0.374" /><testcase classname="test_coverage_service.TestNormalizePath" name="test_inside_repo_returns_relative" time="0.334" /><testcase classname="test_coverage_service.TestInitErrors" name="test_missing_repo_path" time="0.302" /><testcase classname="test_coverage_service.TestResolveSignatureHelper" name="test_resolves_line_to_signature" time="0.360" /><testcase classname="test_git_analyzer.TestLineRangeAndStats" name="test_line_range_to_tuple" time="0.001" /><testcase classname="test_git_analyzer.TestLineRangeAndStats" name="test_line_range_contains" time="0.001" /><testcase classname="test_git_analyzer.TestLineRangeAndStats" name="test_diff_stats_to_dict" time="0.001" /><testcase classname="test_git_analyzer.TestLineRangeAndStats" name="test_default_excluded_dirs_contains_common" time="0.001" /><testcase classname="test_git_analyzer.TestLinesToRanges" name="test_empty" time="0.001" /><testcase classname="test_git_analyzer.TestLinesToRanges" name="test_single_line" time="0.001" /><testcase classname="test_git_analyzer.TestLinesToRanges" name="test_consecutive_merge" time="0.001" /><testcase classname="test_git_analyzer.TestLinesToRanges" name="test_multiple_intervals" time="0.001" /><testcase classname="test_git_analyzer.TestNormalizePath" name="test_normalizes[a/apps/foo.py-apps/foo.py]" time="0.002" /><testcase classname="test_git_analyzer.TestNormalizePath" name="test_normalizes[b/apps/foo.py-apps/foo.py]" time="0.001" /><testcase classname="test_git_analyzer.TestNormalizePath" name="test_normalizes[./apps/foo.py-apps/foo.py]" time="0.001" /><testcase classname="test_git_analyzer.TestNormalizePath" name="test_normalizes[apps\\foo.py-apps/foo.py]" time="0.001" /><testcase classname="test_git_analyzer.TestNormalizePath" name="test_normalizes[apps/foo.py-apps/foo.py]" time="0.001" /><testcase classname="test_git_analyzer.TestNormalizePath" name="test_normalizes[  apps/foo.py  -apps/foo.py]" time="0.001" /><testcase classname="test_git_analyzer.TestFileChangeSerialization" name="test_to_dict" time="0.001" /><testcase classname="test_git_analyzer.TestExcludedDirs" name="test_excluded_filter" time="0.397" /><testcase classname="test_git_analyzer.TestDiffStructured" name="test_diff_detects_modified_python_file" time="1.119" /><testcase classname="test_git_analyzer.TestDiffStructured" name="test_diff_dict_format_backward_compat" time="0.779" /><testcase classname="test_git_analyzer.TestDiffStructured" name="test_python_files_filter" time="0.807" /><testcase classname="test_git_analyzer.TestDiffStructured" name="test_changed_files_paths_list" time="1.113" /><testcase classname="test_git_analyzer.TestRepoMetadata" name="test_get_commit_info_fields" time="1.287" /><testcase classname="test_git_analyzer.TestRepoMetadata" name="test_list_recent_commits" time="0.760" /><testcase classname="test_git_analyzer.TestRepoMetadata" name="test_default_branch" time="1.247" /><testcase classname="test_git_analyzer.TestRepoMetadata" name="test_get_file_at_commit" time="0.973" /><testcase classname="test_git_analyzer.TestRepoMetadata" name="test_get_file_at_commit_missing" time="0.846" /><testcase classname="test_git_analyzer.TestInitErrors" name="test_repo_path_missing" time="0.252" /><testcase classname="test_git_analyzer.TestInitErrors" name="test_not_a_git_repo" time="0.327" /><testcase classname="test_graph_builder.TestModuleDottedFromPath" name="test_paths_to_dotted[apps/foo/bar.py-apps.foo.bar]" time="0.002" /><testcase classname="test_graph_builder.TestModuleDottedFromPath" name="test_paths_to_dotted[apps\\foo\\bar.py-apps.foo.bar]" time="0.002" /><testcase classname="test_graph_builder.TestModuleDottedFromPath" name="test_paths_to_dotted[apps/foo/__init__.py-apps.foo]" time="0.002" /><testcase classname="test_graph_builder.TestModuleDottedFromPath" name="test_paths_to_dotted[foo.py-foo]" time="0.002" /><testcase classname="test_graph_builder.TestModuleDottedFromPath" name="test_paths_to_dotted[apps/-apps]" time="0.001" /><testcase classname="test_graph_builder.TestModuleDottedFromPath" name="test_paths_to_dotted[apps/foo/-apps.foo]" time="0.001" /><testcase classname="test_graph_builder.TestIterCypherStatements" name="test_splits_by_semicolon_and_strips_comments" time="0.002" /><testcase classname="test_graph_builder.TestIterCypherStatements" name="test_ignores_blank_statements" time="0.001" /><testcase classname="test_graph_builder.TestIterCypherStatements" name="test_only_comment_block_yields_nothing" time="0.002" /><testcase classname="test_graph_builder.TestResolveCallee" name="test_exact_match_with_module" time="0.002" /><testcase classname="test_graph_builder.TestResolveCallee" name="test_method_dotted_name_short_form" time="0.001" /><testcase classname="test_graph_builder.TestResolveCallee" name="test_unique_short_name_fallback" time="0.003" /><testcase classname="test_graph_builder.TestResolveCallee" name="test_ambiguous_short_name_returns_none" time="0.001" /><testcase classname="test_graph_builder.TestResolveCallee" name="test_unknown_callee_returns_none" time="0.001" /><testcase classname="test_graph_builder.TestBatching" name="test_batch_upsert_chunks_by_batch_size" time="0.328" /><testcase classname="test_graph_builder.TestBatching" name="test_batch_upsert_empty_is_noop" time="0.309" /><testcase classname="test_graph_builder.TestBatching" name="test_batch_create_rels_chunks" time="0.272" /><testcase classname="test_graph_builder.TestBuildCalls" name="test_unknown_caller_skipped" time="0.422" /><testcase classname="test_graph_builder.TestBuildCalls" name="test_self_call_skipped" time="3.187" /><testcase classname="test_graph_builder.TestBuildCalls" name="test_resolved_call_emits_rel" time="0.573" /><testcase classname="test_graph_builder.TestBuildCalls" name="test_empty_edges_is_noop" time="0.310" /><testcase classname="test_graph_builder.TestBuildContains" name="test_buckets_by_label_pair" time="0.308" /><testcase classname="test_graph_builder.TestBuildContains" name="test_empty_edges_is_noop" time="0.337" /><testcase classname="test_impact_query.TestSafeLabel" name="test_valid_labels_pass_through[Function]" time="0.002" /><testcase classname="test_impact_query.TestSafeLabel" name="test_valid_labels_pass_through[Class]" time="0.002" /><testcase classname="test_impact_query.TestSafeLabel" name="test_valid_labels_pass_through[Module]" time="0.001" /><testcase classname="test_impact_query.TestSafeLabel" name="test_valid_labels_pass_through[TestCase]" time="0.001" /><testcase classname="test_impact_query.TestSafeLabel" name="test_valid_labels_pass_through[APIEndpoint]" time="0.001" /><testcase classname="test_impact_query.TestSafeLabel" name="test_invalid_labels_raise[function]" time="0.001" /><testcase classname="test_impact_query.TestSafeLabel" name="test_invalid_labels_raise[Foo]" time="0.002" /><testcase classname="test_impact_query.TestSafeLabel" name="test_invalid_labels_raise[Function; DROP DATABASE]" time="0.001" /><testcase classname="test_impact_query.TestSafeLabel" name="test_invalid_labels_raise[]" time="0.001" /><testcase classname="test_impact_query.TestImpactResult" name="test_to_dict_round_trips_fields" time="0.001" /><testcase classname="test_impact_query.TestImpactResult" name="test_default_propagation_paths_is_empty" time="0.001" /><testcase classname="test_impact_query.TestQueryImpact" name="test_empty_changed_returns_empty_result_without_query" time="0.001" /><testcase classname="test_impact_query.TestQueryImpact" name="test_full_pipeline_collects_impacted_tcs_and_endpoints" time="0.001" /><testcase classname="test_impact_query.TestQueryImpact" name="test_changed_functions_merged_into_testcase_lookup" time="0.001" /><testcase classname="test_impact_query.TestQueryImpact" name="test_depth_clamped_to_valid_range[-5-1]" time="0.002" /><testcase classname="test_impact_query.TestQueryImpact" name="test_depth_clamped_to_valid_range[0-1]" time="0.001" /><testcase classname="test_impact_query.TestQueryImpact" name="test_depth_clamped_to_valid_range[1-1]" time="0.001" /><testcase classname="test_impact_query.TestQueryImpact" name="test_depth_clamped_to_valid_range[3-3]" time="0.001" /><testcase classname="test_impact_query.TestQueryImpact" name="test_depth_clamped_to_valid_range[8-8]" time="0.001" /><testcase classname="test_impact_query.TestQueryImpact" name="test_depth_clamped_to_valid_range[108-8]" time="0.001" /><testcase classname="test_impact_query.TestQueryImpact" name="test_include_paths_triggers_extra_query" time="0.001" /><testcase classname="test_impact_query.TestQueryImpact" name="test_skip_paths_avoids_extra_query" time="0.002" /><testcase classname="test_impact_query.TestQueryImpact" name="test_cypher_uses_reverse_calls_traversal" time="0.002" /><testcase classname="test_impact_query.TestQuerySubgraph" name="test_invalid_label_rejected" time="0.001" /><testcase classname="test_impact_query.TestQuerySubgraph" name="test_empty_records_returns_empty_payload" time="0.001" /><testcase classname="test_impact_query.TestQuerySubgraph" name="test_label_and_depth_substituted" time="0.001" /><testcase classname="test_impact_query.TestQuerySubgraph" name="test_subgraph_depth_clamped" time="0.001" /><testcase classname="test_impact_query.TestQueryOverview" name="test_overview_without_node_type" time="0.002" /><testcase classname="test_impact_query.TestQueryOverview" name="test_overview_with_node_type_uses_label_filter" time="0.001" /><testcase classname="test_impact_query.TestQueryOverview" name="test_overview_invalid_node_type" time="0.001" /><testcase classname="test_impact_query.TestQueryOverview" name="test_overview_skips_edge_query_when_no_nodes" time="0.001" /><testcase classname="test_impact_query.TestCytoscapeSerialization" name="test_records_to_cytoscape_simple_strips_known_aliases" time="0.001" /><testcase classname="test_impact_query.TestCytoscapeSerialization" name="test_unknown_label_falls_back_to_unknown" time="0.001" /><testcase classname="test_impact_query.TestSubgraphCytoscape" name="test_subgraph_with_records_serializes_nodes_and_edges" time="0.001" /><testcase classname="test_impact_query.TestSubgraphCytoscape" name="test_subgraph_dedupes_repeated_nodes_across_paths" time="0.003" /><testcase classname="test_impact_query.TestFactory" name="test_get_impact_query_returns_instance" time="0.002" /><testcase classname="test_impact_query.TestInternalEmptyIds" name="test_testcases_empty_ids_returns_empty" time="0.002" /><testcase classname="test_impact_query.TestInternalEmptyIds" name="test_endpoints_empty_ids_returns_empty" time="0.002" /><testcase classname="test_neo4j_client.TestSingletonLifecycle" name="test_singleton_returns_same_instance" time="0.003" /><testcase classname="test_neo4j_client.TestSingletonLifecycle" name="test_get_neo4j_client_returns_singleton" time="0.001" /><testcase classname="test_neo4j_client.TestSingletonLifecycle" name="test_driver_lazy_initialized_on_first_access" time="0.004" /><testcase classname="test_neo4j_client.TestSingletonLifecycle" name="test_driver_uses_settings_defaults" time="0.007" /><testcase classname="test_neo4j_client.TestSingletonLifecycle" name="test_verify_connectivity_returns_true" time="0.004" /><testcase classname="test_neo4j_client.TestSingletonLifecycle" name="test_verify_connectivity_returns_false_on_error" time="0.006" /><testcase classname="test_neo4j_client.TestSingletonLifecycle" name="test_close_releases_driver" time="0.004" /><testcase classname="test_neo4j_client.TestSingletonLifecycle" name="test_close_is_noop_when_no_driver" time="0.002" /><testcase classname="test_neo4j_client.TestExecuteQueries" name="test_execute_read_returns_records" time="0.023" /><testcase classname="test_neo4j_client.TestExecuteQueries" name="test_execute_write_returns_records" time="0.004" /><testcase classname="test_neo4j_client.TestExecuteQueries" name="test_execute_read_commits_even_for_read" time="0.005" /><testcase classname="test_neo4j_client.TestBatchOperations" name="test_batch_upsert_nodes_empty_is_noop" time="0.004" /><testcase classname="test_neo4j_client.TestBatchOperations" name="test_batch_upsert_nodes_generates_unwind_merge" time="0.006" /><testcase classname="test_neo4j_client.TestBatchOperations" name="test_batch_create_rels_empty_is_noop" time="0.006" /><testcase classname="test_neo4j_client.TestBatchOperations" name="test_batch_create_rels_generates_unwind_match_merge" time="0.004" /><testcase classname="test_neo4j_client.TestGraphQueries" name="test_get_tested_by_empty_returns_empty" time="0.007" /><testcase classname="test_neo4j_client.TestGraphQueries" name="test_get_tested_by_returns_distinct_ids" time="0.012" /><testcase classname="test_neo4j_client.TestGraphQueries" name="test_get_impacted_functions_empty_returns_empty" time="0.004" /><testcase classname="test_neo4j_client.TestGraphQueries" name="test_get_impacted_functions_filters_none" time="0.006" /><testcase classname="test_neo4j_client.TestGraphQueries" name="test_clear_graph_executes_detach_delete" time="0.004" /><testcase classname="test_neo4j_client.TestGraphQueries" name="test_count_nodes_returns_label_mapping" time="0.004" /><testcase classname="test_neo4j_client.TestGraphQueries" name="test_count_nodes_handles_none_label" time="0.005" /><testcase classname="test_regression_selector.TestP75" name="test_empty_returns_zero" time="0.001" /><testcase classname="test_regression_selector.TestP75" name="test_single_sample" time="0.001" /><testcase classname="test_regression_selector.TestP75" name="test_p75_of_uniform" time="0.001" /><testcase classname="test_regression_selector.TestP75" name="test_p75_avoids_max_outlier" time="0.001" /><testcase classname="test_regression_selector.TestReductionRate" name="test_zero_total" time="0.002" /><testcase classname="test_regression_selector.TestReductionRate" name="test_full_reduction" time="0.003" /><testcase classname="test_regression_selector.TestReductionRate" name="test_no_reduction" time="0.002" /><testcase classname="test_regression_selector.TestReductionRate" name="test_typical_reduction" time="0.001" /><testcase classname="test_regression_selector.TestSelectionResult" name="test_default_values" time="0.002" /><testcase classname="test_regression_selector.TestSelectionResult" name="test_as_dict_keys" time="0.001" /><testcase classname="test_regression_selector.TestConstants" name="test_thresholds_ordered" time="0.001" /><testcase classname="test_regression_selector.TestConstants" name="test_default_budget_positive" time="0.001" /><testcase classname="test_risk_predictor.TestFeatureVector" name="test_default_values" time="0.001" /><testcase classname="test_risk_predictor.TestFeatureVector" name="test_as_dict_keys" time="0.001" /><testcase classname="test_risk_predictor.TestFeatureVector" name="test_as_vector_order_matches_weights" time="0.001" /><testcase classname="test_risk_predictor.TestFeatureVector" name="test_immutability" time="0.001" /><testcase classname="test_risk_predictor.TestHeuristicScorer" name="test_zero_features_returns_zero" time="0.001" /><testcase classname="test_risk_predictor.TestHeuristicScorer" name="test_full_features_close_to_one" time="0.001" /><testcase classname="test_risk_predictor.TestHeuristicScorer" name="test_weights_sum_to_one" time="0.003" /><testcase classname="test_risk_predictor.TestHeuristicScorer" name="test_high_failure_rate_dominates" time="0.001" /><testcase classname="test_risk_predictor.TestHeuristicScorer" name="test_predict_batch_preserves_order" time="0.001" /><testcase classname="test_risk_predictor.TestHeuristicScorer" name="test_predict_clipped_to_max_one" time="0.001" /><testcase classname="test_risk_predictor.TestHeuristicScorer" name="test_version_is_heuristic" time="0.001" /><testcase classname="test_risk_predictor.TestXGBoostScorer" name="test_missing_model_falls_back_to_heuristic" time="0.334" /><testcase classname="test_risk_predictor.TestXGBoostScorer" name="test_predict_batch_falls_back" time="0.312" /><testcase classname="test_risk_predictor.TestXGBoostScorer" name="test_get_min_train_samples_reads_settings" time="0.002" /><testcase classname="test_risk_predictor.TestXGBoostScorer" name="test_get_min_train_samples_default" time="0.002" /><testcase classname="test_risk_predictor.TestXGBoostScorer" name="test_train_returns_none_when_samples_insufficient" time="0.348" /><testcase classname="test_risk_predictor.TestXGBoostScorer" name="test_empty_batch_returns_empty_list" time="0.280" /><testcase classname="test_risk_predictor.TestXGBoostScorer" name="test_default_model_path_reads_settings" time="0.001" /><testcase classname="test_risk_predictor.TestXGBoostScorer" name="test_predict_with_loaded_model" time="0.314" /><testcase classname="test_risk_predictor.TestXGBoostScorer" name="test_predict_batch_with_loaded_model" time="0.459" /><testcase classname="test_risk_predictor.TestXGBoostScorer" name="test_predict_xgboost_exception_fallback" time="0.315" /><testcase classname="test_risk_predictor.TestXGBoostScorer" name="test_predict_batch_xgboost_exception_fallback" time="0.381" /><testcase classname="test_risk_predictor.TestXGBoostScorer" name="test_train_success_path" time="0.399"><skipped type="pytest.skip" message="xgboost not installed">E:\testhub_platform\tests\precision_testing\test_risk_predictor.py:226: xgboost not installed</skipped></testcase><testcase classname="test_risk_predictor.TestXGBoostScorer" name="test_train_import_error_returns_none" time="0.271" /><testcase classname="test_risk_predictor.TestXGBoostScorer" name="test_try_load_success_path" time="0.353" /><testcase classname="test_risk_predictor.TestScoreToLevel" name="test_thresholds[0.0-low]" time="0.001" /><testcase classname="test_risk_predictor.TestScoreToLevel" name="test_thresholds[0.39-low]" time="0.001" /><testcase classname="test_risk_predictor.TestScoreToLevel" name="test_thresholds[0.4-medium]" time="0.001" /><testcase classname="test_risk_predictor.TestScoreToLevel" name="test_thresholds[0.59-medium]" time="0.001" /><testcase classname="test_risk_predictor.TestScoreToLevel" name="test_thresholds[0.6-high]" time="0.001" /><testcase classname="test_risk_predictor.TestScoreToLevel" name="test_thresholds[0.79-high]" time="0.003" /><testcase classname="test_risk_predictor.TestScoreToLevel" name="test_thresholds[0.8-critical]" time="0.002" /><testcase classname="test_risk_predictor.TestScoreToLevel" name="test_thresholds[1.0-critical]" time="0.001" /><testcase classname="test_risk_predictor.TestPriorityMap" name="test_critical_is_max" time="0.002" /><testcase classname="test_risk_predictor.TestPriorityMap" name="test_low_is_min" time="0.001" /><testcase classname="test_risk_predictor.TestPriorityMap" name="test_priority_increases_monotonically" time="0.001" /><testcase classname="test_risk_predictor.TestHeuristicScorerPerf" name="test_predict_batch_1000_under_3s" time="0.009" /><testcase classname="test_route_parser.TestUrlJoin" name="test_join[--]" time="0.001" /><testcase classname="test_route_parser.TestUrlJoin" name="test_join[api/v1--api/v1/]" time="0.001" /><testcase classname="test_route_parser.TestUrlJoin" name="test_join[-users-users/]" time="0.001" /><testcase classname="test_route_parser.TestUrlJoin" name="test_join[api/v1-users-api/v1/users/]" time="0.001" /><testcase classname="test_route_parser.TestUrlJoin" name="test_join[/api/v1/-/users/-api/v1/users/]" time="0.001" /><testcase classname="test_route_parser.TestAstHelpers" name="test_literal_string" time="0.001" /><testcase classname="test_route_parser.TestAstHelpers" name="test_attribute_chain" time="0.001" /><testcase classname="test_route_parser.TestAstHelpers" name="test_callable_name" time="0.001" /><testcase classname="test_route_parser.TestAstHelpers" name="test_is_include_call" time="0.001" /><testcase classname="test_route_parser.TestAstHelpers" name="test_is_as_view_call" time="0.001" /><testcase classname="test_route_parser.TestRouteRecord" name="test_to_dict" time="0.001" /><testcase classname="test_route_parser.TestRouterViewSet" name="test_default_router_registers_viewset_actions" time="0.324" /><testcase classname="test_route_parser.TestRouterViewSet" name="test_parse_to_dicts_serializable" time="0.500" /><testcase classname="test_route_parser.TestPathAsView" name="test_cbv_expands_http_methods" time="0.340" /><testcase classname="test_route_parser.TestPathAsView" name="test_cbv_no_methods_falls_back_to_any" time="0.404" /><testcase classname="test_route_parser.TestPathFBV" name="test_function_view_recorded" time="0.324" /><testcase classname="test_route_parser.TestIncludeRecursion" name="test_include_appends_prefix" time="0.345" /><testcase classname="test_route_parser.TestIncludeRecursion" name="test_recursive_include_guard" time="0.362" /><testcase classname="test_route_parser.TestEdgeCases" name="test_missing_module_returns_empty" time="0.294" /><testcase classname="test_route_parser.TestEdgeCases" name="test_repo_path_missing" time="0.317" /><testcase classname="test_route_parser.TestEdgeCases" name="test_resolve_module_file_with_py_path" time="0.298" /><testcase classname="test_verify_graph.TestArgumentParsing" name="test_json_flag_parsed" time="0.002" /><testcase classname="test_verify_graph.TestCollectReport" name="test_empty_graph_returns_no_issues" time="0.002" /><testcase classname="test_verify_graph.TestCollectReport" name="test_orphan_functions_trigger_issue" time="0.002" /><testcase classname="test_verify_graph.TestCollectReport" name="test_missing_props_trigger_issue" time="0.002" /><testcase classname="test_verify_graph.TestCollectReport" name="test_duplicate_rels_trigger_issue" time="0.003" /><testcase classname="test_verify_graph.TestCollectReport" name="test_unmapped_testcases_trigger_issue" time="0.003" /><testcase classname="test_verify_graph.TestCollectReport" name="test_multiple_issues_concatenated" time="0.002" /><testcase classname="test_verify_graph.TestCollectReport" name="test_limit_passed_to_queries" time="0.002" /><testcase classname="test_verify_graph.TestInternalQueries" name="test_count_nodes_uses_first_label" time="0.002" /><testcase classname="test_verify_graph.TestInternalQueries" name="test_count_rels_maps_type_to_count" time="0.004" /><testcase classname="test_verify_graph.TestInternalQueries" name="test_find_orphan_functions_returns_list" time="0.002" /><testcase classname="test_verify_graph.TestInternalQueries" name="test_find_missing_props_returns_list" time="0.002" /><testcase classname="test_verify_graph.TestInternalQueries" name="test_find_duplicate_rels_returns_list" time="0.002" /><testcase classname="test_verify_graph.TestInternalQueries" name="test_find_unmapped_testcases_returns_list" time="0.002" /><testcase classname="test_verify_graph.TestInternalQueries" name="test_delete_orphan_functions_returns_count" time="0.003" /><testcase classname="test_verify_graph.TestInternalQueries" name="test_delete_orphan_functions_zero_when_no_records" time="0.002" /><testcase classname="test_verify_graph.TestHandleFlow" name="test_json_output_with_issues_exits_1" time="0.003" /><testcase classname="test_verify_graph.TestHandleFlow" name="test_json_output_with_orphans_exits_1" time="0.002" /><testcase classname="test_verify_graph.TestHandleFlow" name="test_fix_orphans_changes_exit_to_0" time="0.003" /><testcase classname="test_verify_graph.TestHandleFlow" name="test_human_output_shows_counts" time="0.002" /><testcase classname="test_verify_graph.TestHandleFlow" name="test_service_unavailable_raises_command_error" time="0.002" /><testcase classname="test_verify_graph.TestRenderHuman" name="test_shows_fixed_orphan_count" time="0.001" /><testcase classname="test_verify_graph.TestRenderHuman" name="test_shows_error_when_issues_present" time="0.001" /><testcase classname="test_week4_layer1_scoring.TestScorerProtocolCompliance" name="test_heuristic_has_version_attribute" time="0.002" /><testcase classname="test_week4_layer1_scoring.TestScorerProtocolCompliance" name="test_heuristic_predict_returns_float" time="0.001" /><testcase classname="test_week4_layer1_scoring.TestScorerProtocolCompliance" name="test_heuristic_predict_batch_returns_list_of_float" time="0.001" /><testcase classname="test_week4_layer1_scoring.TestScorerProtocolCompliance" name="test_heuristic_predict_batch_empty_list" time="0.001" /><testcase classname="test_week4_layer1_scoring.TestScorerProtocolCompliance" name="test_scorer_protocol_is_protocol_type" time="0.001" /><testcase classname="test_week4_layer1_scoring.TestFeatureVectorBoundaries" name="test_all_zeros_features" time="0.001" /><testcase classname="test_week4_layer1_scoring.TestFeatureVectorBoundaries" name="test_all_ones_features" time="0.001" /><testcase classname="test_week4_layer1_scoring.TestFeatureVectorBoundaries" name="test_as_vector_order_matches_weights_keys" time="0.001" /><testcase classname="test_week4_layer1_scoring.TestFeatureVectorBoundaries" name="test_as_vector_produces_correct_length" time="0.001" /><testcase classname="test_week4_layer1_scoring.TestFeatureVectorBoundaries" name="test_as_dict_and_as_vector_symmetry" time="0.001" /><testcase classname="test_week4_layer1_scoring.TestFeatureVectorBoundaries" name="test_frozen_dataclass_immutability" time="0.001" /><testcase classname="test_week4_layer1_scoring.TestFeatureVectorBoundaries" name="test_frozen_with_nested_assignment" time="0.001" /><testcase classname="test_week4_layer1_scoring.TestFeatureVectorBoundaries" name="test_as_dict_returns_fresh_dict_each_time" time="0.001" /><testcase classname="test_week4_layer1_scoring.TestHeuristicScorerStability" name="test_weights_sum_approximately_one" time="0.001" /><testcase classname="test_week4_layer1_scoring.TestHeuristicScorerStability" name="test_weight_keys_match_feature_vector" time="0.001" /><testcase classname="test_week4_layer1_scoring.TestHeuristicScorerStability" name="test_all_weights_positive" time="0.001" /><testcase classname="test_week4_layer1_scoring.TestHeuristicScorerStability" name="test_single_feature_contribution_bounded[failure_rate]" time="0.002" /><testcase classname="test_week4_layer1_scoring.TestHeuristicScorerStability" name="test_single_feature_contribution_bounded[recent_failure_streak]" time="0.001" /><testcase classname="test_week4_layer1_scoring.TestHeuristicScorerStability" name="test_single_feature_contribution_bounded[coverage_confidence]" time="0.001" /><testcase classname="test_week4_layer1_scoring.TestHeuristicScorerStability" name="test_single_feature_contribution_bounded[change_intensity]" time="0.001" /><testcase classname="test_week4_layer1_scoring.TestHeuristicScorerStability" name="test_single_feature_contribution_bounded[priority_score]" time="0.001" /><testcase classname="test_week4_layer1_scoring.TestHeuristicScorerStability" name="test_single_feature_contribution_bounded[days_since_last_change]" time="0.001" /><testcase classname="test_week4_layer1_scoring.TestHeuristicScorerStability" name="test_single_feature_contribution_bounded[has_code_mapping]" time="0.002" /><testcase classname="test_week4_layer1_scoring.TestHeuristicScorerStability" name="test_single_feature_contribution_bounded[testcase_age_days]" time="0.002" /><testcase classname="test_week4_layer1_scoring.TestHeuristicScorerStability" name="test_single_feature_contribution_bounded[impact_path_depth]" time="0.001" /><testcase classname="test_week4_layer1_scoring.TestHeuristicScorerStability" name="test_custom_weights_override" time="0.001" /><testcase classname="test_week4_layer1_scoring.TestHeuristicScorerStability" name="test_negative_weight_clipped_to_zero_contribution" time="0.001" /><testcase classname="test_week4_layer1_scoring.TestXGBoostScorerColdStart" name="test_model_file_not_found_uses_fallback" time="0.294" /><testcase classname="test_week4_layer1_scoring.TestXGBoostScorerColdStart" name="test_predict_exception_falls_back_to_heuristic" time="0.310" /><testcase classname="test_week4_layer1_scoring.TestXGBoostScorerColdStart" name="test_predict_batch_exception_falls_back_to_heuristic" time="0.319" /><testcase classname="test_week4_layer1_scoring.TestXGBoostScorerColdStart" name="test_train_insufficient_samples_returns_none" time="0.264" /><testcase classname="test_week4_layer1_scoring.TestXGBoostScorerColdStart" name="test_train_import_error_returns_none" time="0.309" /><testcase classname="test_week4_layer1_scoring.TestXGBoostScorerColdStart" name="test_predict_batch_with_empty_list" time="0.458" /><testcase classname="test_week4_layer1_scoring.TestXGBoostScorerColdStart" name="test_version_is_xgboost_when_model_loaded" time="0.381" /><testcase classname="test_week4_layer1_scoring.TestXGBoostScorerColdStart" name="test_default_model_path_from_settings" time="0.002" /><testcase classname="test_week4_layer1_scoring.TestScoreToLevelBoundaries" name="test_score_to_level_exhaustive[0.0-low]" time="0.002" /><testcase classname="test_week4_layer1_scoring.TestScoreToLevelBoundaries" name="test_score_to_level_exhaustive[0.1-low]" time="0.001" /><testcase classname="test_week4_layer1_scoring.TestScoreToLevelBoundaries" name="test_score_to_level_exhaustive[0.399-low]" time="0.001" /><testcase classname="test_week4_layer1_scoring.TestScoreToLevelBoundaries" name="test_score_to_level_exhaustive[0.4-medium]" time="0.001" /><testcase classname="test_week4_layer1_scoring.TestScoreToLevelBoundaries" name="test_score_to_level_exhaustive[0.5-medium]" time="0.001" /><testcase classname="test_week4_layer1_scoring.TestScoreToLevelBoundaries" name="test_score_to_level_exhaustive[0.599-medium]" time="0.002" /><testcase classname="test_week4_layer1_scoring.TestScoreToLevelBoundaries" name="test_score_to_level_exhaustive[0.6-high]" time="0.001" /><testcase classname="test_week4_layer1_scoring.TestScoreToLevelBoundaries" name="test_score_to_level_exhaustive[0.7-high]" time="0.001" /><testcase classname="test_week4_layer1_scoring.TestScoreToLevelBoundaries" name="test_score_to_level_exhaustive[0.799-high]" time="0.001" /><testcase classname="test_week4_layer1_scoring.TestScoreToLevelBoundaries" name="test_score_to_level_exhaustive[0.8-critical]" time="0.001" /><testcase classname="test_week4_layer1_scoring.TestScoreToLevelBoundaries" name="test_score_to_level_exhaustive[0.9-critical]" time="0.001" /><testcase classname="test_week4_layer1_scoring.TestScoreToLevelBoundaries" name="test_score_to_level_exhaustive[1.0-critical]" time="0.001" /><testcase classname="test_week4_layer1_scoring.TestScoreToLevelBoundaries" name="test_score_at_exact_thresholds" time="0.003" /><testcase classname="test_week4_layer1_scoring.TestModuleConstants" name="test_heuristic_weights_sum_to_one" time="0.001" /><testcase classname="test_week4_layer1_scoring.TestModuleConstants" name="test_priority_score_map_monotonic" time="0.001" /><testcase classname="test_week4_layer2_selector.TestP75Boundaries" name="test_empty_samples_returns_zero" time="0.001" /><testcase classname="test_week4_layer2_selector.TestP75Boundaries" name="test_single_sample_direct_return" time="0.001" /><testcase classname="test_week4_layer2_selector.TestP75Boundaries" name="test_two_samples_midpoint" time="0.001" /><testcase classname="test_week4_layer2_selector.TestP75Boundaries" name="test_four_samples_75th_percentile" time="0.002" /><testcase classname="test_week4_layer2_selector.TestP75Boundaries" name="test_ten_samples_with_outliers" time="0.002" /><testcase classname="test_week4_layer2_selector.TestP75Boundaries" name="test_all_identical_values" time="0.001" /><testcase classname="test_week4_layer2_selector.TestP75Boundaries" name="test_descending_order" time="0.001" /><testcase classname="test_week4_layer2_selector.TestReductionRateBoundaries" name="test_zero_total_returns_zero" time="0.001" /><testcase classname="test_week4_layer2_selector.TestReductionRateBoundaries" name="test_zero_selected_full_reduction" time="0.001" /><testcase classname="test_week4_layer2_selector.TestReductionRateBoundaries" name="test_all_selected_no_reduction" time="0.001" /><testcase classname="test_week4_layer2_selector.TestReductionRateBoundaries" name="test_partial_reduction" time="0.001" /><testcase classname="test_week4_layer2_selector.TestReductionRateBoundaries" name="test_rounds_to_three_decimals" time="0.002" /><testcase classname="test_week4_layer2_selector.TestConfigurableThresholds" name="test_default_thresholds_ordered" time="0.001" /><testcase classname="test_week4_layer2_selector.TestConfigurableThresholds" name="test_thresholds_config_read_via_settings" time="0.001" /><testcase classname="test_week4_layer2_selector.TestConfigurableThresholds" name="test_empty_must_run_priorities_fallback_to_default" time="0.001" /><testcase classname="test_week4_layer2_selector.TestSelectionResultDataclass" name="test_default_values" time="0.001" /><testcase classname="test_week4_layer2_selector.TestSelectionResultDataclass" name="test_as_dict_contains_all_fields" time="0.001" /><testcase classname="test_week4_layer3_pipeline.TestCsvImportSerializerBoundaries" name="test_required_headers_complete" time="0.001" /><testcase classname="test_week4_layer3_pipeline.TestCsvImportSerializerBoundaries" name="test_missing_header_validation" time="0.004" /><testcase classname="test_week4_layer3_pipeline.TestCsvImportSerializerBoundaries" name="test_valid_csv_parsing" time="0.001" /><testcase classname="test_week4_layer3_pipeline.TestCsvImportSerializerBoundaries" name="test_confidence_clamped_to_valid_range" time="0.001" /><testcase classname="test_week4_layer3_pipeline.TestNeo4jFallbackScenarios" name="test_impact_query_returns_empty_on_neo4j_unavailable" time="0.002" /><testcase classname="test_week4_layer3_pipeline.TestNeo4jFallbackScenarios" name="test_graph_data_returns_empty_on_neo4j_unavailable" time="0.012" /></testsuite></testsuites>